[hotflix.volkovdesign.com/admin/index.html]
[backblue.gif]
[fade.gif]
[index.html]
[hotflix.volkovdesign.com/main/index.html]
[hotflix.volkovdesign.com/admin/css/bootstrap.min.css]
[hotflix.volkovdesign.com/admin/css/slimselect.css]
[hotflix.volkovdesign.com/main/icon/favicon-32x32.png]
[hotflix.volkovdesign.com/admin/css/admin.css]
[hotflix.volkovdesign.com/admin/webfont/tabler-icons.min.css]
[hotflix.volkovdesign.com/admin/icon/favicon-32x32.png]
[hotflix.volkovdesign.com/admin/catalog.html]
[hotflix.volkovdesign.com/admin/users.html]
[hotflix.volkovdesign.com/admin/comments.html]
[hotflix.volkovdesign.com/admin/reviews.html]
[hotflix.volkovdesign.com/main/img/covers/cover12.jpg]
[hotflix.volkovdesign.com/admin/settings.html]
[hotflix.volkovdesign.com/main/img/covers/cover2.jpg]
[hotflix.volkovdesign.com/admin/add-item.html]
[hotflix.volkovdesign.com/main/img/covers/cover8.jpg]
[hotflix.volkovdesign.com/main/img/covers/cover13.jpg]
[hotflix.volkovdesign.com/main/img/covers/cover5.jpg]
[hotflix.volkovdesign.com/main/img/covers/cover9.jpg]
[hotflix.volkovdesign.com/main/img/covers/cover.jpg]
[hotflix.volkovdesign.com/main/img/covers/cover3.jpg]
[hotflix.volkovdesign.com/main/img/covers/cover4.jpg]
[hotflix.volkovdesign.com/main/img/covers/cover6.jpg]
[hotflix.volkovdesign.com/admin/edit-user.html]
[hotflix.volkovdesign.com/main/img/covers/cover7.jpg]
[hotflix.volkovdesign.com/admin/signin.html]
[hotflix.volkovdesign.com/main/img/covers/cover10.jpg]
[hotflix.volkovdesign.com/main/img/covers/cover11.jpg]
[hotflix.volkovdesign.com/main/img/covers/cover14.jpg]
[hotflix.volkovdesign.com/admin/signup.html]
[hotflix.volkovdesign.com/main/img/covers/cover15.jpg]
[hotflix.volkovdesign.com/main/img/covers/cover16.jpg]
[hotflix.volkovdesign.com/main/img/covers/cover17.jpg]
[hotflix.volkovdesign.com/main/img/covers/cover18.jpg]
[hotflix.volkovdesign.com/main/js/bootstrap.bundle.min.js]
[hotflix.volkovdesign.com/main/js/splide.min.js]
[hotflix.volkovdesign.com/admin/js/bootstrap.bundle.min.js]
[hotflix.volkovdesign.com/main/js/slimselect.min.js]
[hotflix.volkovdesign.com/main/js/smooth-scrollbar.js]
[hotflix.volkovdesign.com/main/js/plyr.min.js]
[hotflix.volkovdesign.com/admin/js/slimselect.min.js]
[hotflix.volkovdesign.com/main/js/photoswipe.min.js]
[hotflix.volkovdesign.com/main/js/photoswipe-ui-default.min.js]
[hotflix.volkovdesign.com/admin/js/smooth-scrollbar.js]
[hotflix.volkovdesign.com/main/js/main.js]
[hotflix.volkovdesign.com/admin/index.html]
[hotflix.volkovdesign.com/main/css/bootstrap.min.css]
[hotflix.volkovdesign.com/main/css/splide.min.css]
[hotflix.volkovdesign.com/main/css/slimselect.css]
[hotflix.volkovdesign.com/main/css/plyr.css]
[hotflix.volkovdesign.com/main/css/photoswipe.css]
[hotflix.volkovdesign.com/admin/js/admin.js]
[hotflix.volkovdesign.com/main/css/default-skin.css]
[hotflix.volkovdesign.com/main/css/main.css]
[hotflix.volkovdesign.com/main/webfont/tabler-icons.min.css]
[hotflix.volkovdesign.com/main/img/logo.svg]
[hotflix.volkovdesign.com/main/img/bg/home__bg.jpg]
[hotflix.volkovdesign.com/main/webfont/fonts/tabler-icons539a.eot]
[hotflix.volkovdesign.com/main/index2.html]
[hotflix.volkovdesign.com/main/webfont/fonts/tabler-iconsd41d.eot]
[hotflix.volkovdesign.com/main/index3.html]
[hotflix.volkovdesign.com/main/webfont/fonts/tabler-icons539a.woff2]
[hotflix.volkovdesign.com/main/catalog.html]
[hotflix.volkovdesign.com/main/webfont/fonts/tabler-iconsd41d.woff]
[hotflix.volkovdesign.com/main/webfont/fonts/tabler-icons539a.ttf]
[hotflix.volkovdesign.com/main/catalog2.html]
[hotflix.volkovdesign.com/main/details.html]
[hotflix.volkovdesign.com/main/img/bg/slide__bg-1.jpg]
[hotflix.volkovdesign.com/main/img/bg/slide__bg-2.jpg]
[hotflix.volkovdesign.com/main/details2.html]
[hotflix.volkovdesign.com/main/img/bg/slide__bg-3.jpg]
[cdn.plyr.io/static/demo/View_From_A_Blue_Moon_Trailer-HD.jpg]
[hotflix.volkovdesign.com/main/pricing.html]
[hotflix.volkovdesign.com/main/img/gallery/project-1.jpg]
[hotflix.volkovdesign.com/main/about.html]
[hotflix.volkovdesign.com/main/img/gallery/project-2.jpg]
[hotflix.volkovdesign.com/main/img/covers/cover1.jpg]
[hotflix.volkovdesign.com/main/profile.html]
[hotflix.volkovdesign.com/main/img/gallery/project-3.jpg]
[hotflix.volkovdesign.com/main/img/gallery/project-4.jpg]
[hotflix.volkovdesign.com/main/img/gallery/project-5.jpg]
[hotflix.volkovdesign.com/main/img/gallery/project-6.jpg]
[hotflix.volkovdesign.com/main/actor.html]
[hotflix.volkovdesign.com/main/img/bg/details__bg.jpg]
[hotflix.volkovdesign.com/main/img/partners/themeforest-light-background.png]
[hotflix.volkovdesign.com/main/contacts.html]
[hotflix.volkovdesign.com/main/img/partners/audiojungle-light-background.png]
[hotflix.volkovdesign.com/main/img/partners/photodune-light-background.png]
[hotflix.volkovdesign.com/main/faq.html]
[hotflix.volkovdesign.com/main/img/partners/codecanyon-light-background.png]
[hotflix.volkovdesign.com/main/img/partners/activeden-light-background.png]
[hotflix.volkovdesign.com/main/privacy.html]
[hotflix.volkovdesign.com/main/signin.html]
[hotflix.volkovdesign.com/main/img/partners/3docean-light-background.png]
[hotflix.volkovdesign.com/main/signup.html]
[hotflix.volkovdesign.com/main/forgot.html]
[hotflix.volkovdesign.com/main/404.html]
[hotflix.volkovdesign.com/admin/css/bootstrap.min.css]
[hotflix.volkovdesign.com/admin/css/slimselect.css]
[hotflix.volkovdesign.com/main/img/bg/actor__bg.jpg]
[hotflix.volkovdesign.com/main/img/covers/actor.jpg]
[hotflix.volkovdesign.com/main/img/bg/section__bg.jpg]
[hotflix.volkovdesign.com/admin/css/admin.css]
[hotflix.volkovdesign.com/admin/webfont/fonts/tabler-icons539a.eot]
[hotflix.volkovdesign.com/admin/webfont/fonts/tabler-iconsd41d.eot]
[hotflix.volkovdesign.com/admin/webfont/fonts/tabler-icons539a.woff2]
[hotflix.volkovdesign.com/admin/webfont/fonts/tabler-iconsd41d.woff]
[hotflix.volkovdesign.com/admin/webfont/fonts/tabler-icons539a.ttf]
[hotflix.volkovdesign.com/admin/webfont/tabler-icons.min.css]
[hotflix.volkovdesign.com/admin/img/logo.svg]
[hotflix.volkovdesign.com/admin/img/user.svg]
[hotflix.volkovdesign.com/admin/catalog.html]
[hotflix.volkovdesign.com/admin/users.html]
[hotflix.volkovdesign.com/admin/comments.html]
[hotflix.volkovdesign.com/admin/reviews.html]
[hotflix.volkovdesign.com/admin/settings.html]
[hotflix.volkovdesign.com/admin/add-item.html]
[hotflix.volkovdesign.com/admin/edit-user.html]
[hotflix.volkovdesign.com/admin/img/section/section.jpg]
[hotflix.volkovdesign.com/admin/signin.html]
[hotflix.volkovdesign.com/admin/signup.html]
[hotflix.volkovdesign.com/admin/forgot.html]
[hotflix.volkovdesign.com/admin/404.html]
[hotflix.volkovdesign.com/main/css/default-skin.html]
[hotflix.volkovdesign.com/main/css/default-skin-2.html]
[hotflix.volkovdesign.com/main/css/preloader.html]
[hotflix.volkovdesign.com/main/img/angle-down.svg]
[hotflix.volkovdesign.com/main/img/user.svg]
[hotflix.volkovdesign.com/admin/img/angle-down.svg]
[hotflix.volkovdesign.com/admin/webfont/fonts/tabler-icons539a.ttf]
